Assembler report for RUBIKS_CUBE_DISPLAY_INPUT
Sun Mar 23 15:42:41 2025
Quartus Prime Version 17.1.0 Build 590 10/25/2017 SJ Lite Edition


---------------------
; Table of Contents ;
---------------------
  1. Legal Notice
  2. Assembler Summary
  3. Assembler Settings
  4. Assembler Encrypted IP Cores Summary
  5. Assembler Generated Files
  6. Assembler Device Options: C:/Users/Aeron/Documents/University/ELEC3885/Github/FPGA-Rubiks-Cube-State-Input/output_files/RUBIKS_CUBE_DISPLAY_INPUT.sof
  7. Assembler Messages



----------------
; Legal Notice ;
----------------
Copyright (C) 2017  Intel Corporation. All rights reserved.
Your use of Intel Corporation's design tools, logic functions 
and other software and tools, and its AMPP partner logic 
functions, and any output files from any of the foregoing 
(including device programming or simulation files), and any 
associated documentation or information are expressly subject 
to the terms and conditions of the Intel Program License 
Subscription Agreement, the Intel Quartus Prime License Agreement,
the Intel FPGA IP License Agreement, or other applicable license
agreement, including, without limitation, that your use is for
the sole purpose of programming logic devices manufactured by
Intel and sold by Intel or its authorized distributors.  Please
refer to the applicable agreement for further details.



+---------------------------------------------------------------+
; Assembler Summary                                             ;
+-----------------------+---------------------------------------+
; Assembler Status      ; Successful - Sun Mar 23 15:42:41 2025 ;
; Revision Name         ; RUBIKS_CUBE_DISPLAY_INPUT             ;
; Top-level Entity Name ; LCD_RUBIKS_CUBE_DISPLAY               ;
; Family                ; MAX 10                                ;
; Device                ; 10M50DAF484C6GES                      ;
+-----------------------+---------------------------------------+


+----------------------------------+
; Assembler Settings               ;
+--------+---------+---------------+
; Option ; Setting ; Default Value ;
+--------+---------+---------------+


+---------------------------------------------+
; Assembler Encrypted IP Cores Summary        ;
+--------+---------------------+--------------+
; Vendor ; IP Core Name        ; License Type ;
+--------+---------------------+--------------+
; Altera ; Unknown (6AF7 2013) ; Licensed     ;
+--------+---------------------+--------------+


+-----------------------------------------------------------------------------------------------------------------------------+
; Assembler Generated Files                                                                                                   ;
+-----------------------------------------------------------------------------------------------------------------------------+
; File Name                                                                                                                   ;
+-----------------------------------------------------------------------------------------------------------------------------+
; C:/Users/Aeron/Documents/University/ELEC3885/Github/FPGA-Rubiks-Cube-State-Input/output_files/RUBIKS_CUBE_DISPLAY_INPUT.sof ;
+-----------------------------------------------------------------------------------------------------------------------------+


+-------------------------------------------------------------------------------------------------------------------------------------------------------+
; Assembler Device Options: C:/Users/Aeron/Documents/University/ELEC3885/Github/FPGA-Rubiks-Cube-State-Input/output_files/RUBIKS_CUBE_DISPLAY_INPUT.sof ;
+----------------+--------------------------------------------------------------------------------------------------------------------------------------+
; Option         ; Setting                                                                                                                              ;
+----------------+--------------------------------------------------------------------------------------------------------------------------------------+
; JTAG usercode  ; 0x0092984D                                                                                                                           ;
; Checksum       ; 0x0092984D                                                                                                                           ;
+----------------+--------------------------------------------------------------------------------------------------------------------------------------+


+--------------------+
; Assembler Messages ;
+--------------------+
Info: *******************************************************************
Info: Running Quartus Prime Assembler
    Info: Version 17.1.0 Build 590 10/25/2017 SJ Lite Edition
    Info: Processing started: Sun Mar 23 15:42:38 2025
Info: Command: quartus_asm --read_settings_files=off --write_settings_files=off RUBIKS_CUBE_DISPLAY_INPUT -c RUBIKS_CUBE_DISPLAY_INPUT
Warning (18236): Number of processors has not been specified which may cause overloading on shared machines.  Set the global assignment NUM_PARALLEL_PROCESSORS in your QSF to an appropriate value for best performance.
Info (115031): Writing out detailed assembly data for power analysis
Info (115030): Assembler is generating device programming files
Info: Quartus Prime Assembler was successful. 0 errors, 1 warning
    Info: Peak virtual memory: 4721 megabytes
    Info: Processing ended: Sun Mar 23 15:42:41 2025
    Info: Elapsed time: 00:00:03
    Info: Total CPU time (on all processors): 00:00:03


